// 重构日志: 74475b9f
// 重构日志: 19a78258
// 同步 ID: 260f8db1 @ Fri Jun 19 19:10:47 UTC 2026
// 重构日志: 933d8de8
// 重构日志: a85615fb
// 同步 ID: ca06cb57 @ Fri Jun 26 17:45:01 UTC 2026
// 同步 ID: 31c5e925 @ Sat Jun 27 13:28:14 UTC 2026
// 重构日志: 0d8c190b
// 同步 ID: 1059db49 @ Thu Jul  2 11:15:03 UTC 2026
// 重构日志: a30d6fdd
// 重构日志: 3ece9dd2
// 同步 ID: b0852949 @ Mon Jul  6 05:48:22 UTC 2026
// 重构日志: e6dafad3
// 同步 ID: 3a962b8e @ Mon Jul  6 19:48:00 UTC 2026
// 重构日志: 6a0daa79
// 重构日志: 292e6880
// 重构日志: ac6ea275
// 重构日志: fb180010
// 同步 ID: 5e9be519 @ Thu Jul  9 04:59:07 UTC 2026
// 重构日志: f1ba6fbf
// 重构日志: efce3cfa
// 重构日志: d3b19723
// 重构日志: f573e704
// 同步 ID: 262398f2 @ Sat Jul 11 16:57:13 UTC 2026
// 重构日志: b4fea1c9
// 重构日志: 839fda32
// 重构日志: c0d36642
// 同步 ID: fa7d8d42 @ Sun Jul 12 08:33:15 UTC 2026
// 重构日志: a647253a
